[2023-02-05 18:59:36.223] [DISPLAY] [Main ] [sysinfo] OS Version: Major: 10 Minor: 0 Build: 19045 Service Pack: 
[2023-02-05 18:59:36.234] [DISPLAY] [Main ] [sysinfo] DX Version from SystemInfo: 
[2023-02-05 18:59:36.235] [DISPLAY] [Main ] [sysinfo] DX Version from SystemInfo: 
[2023-02-05 18:59:36.235] [DISPLAY] [Main ] [main] Working directory: C:\Program Files\Rockstar Games\Launcher
[2023-02-05 18:59:36.252] [DISPLAY] [Main ] [minmode] Running in Steam mode
[2023-02-05 18:59:36.252] [DISPLAY] [Main ] [minmode] Steam App Id: 271590
[2023-02-05 18:59:36.252] [DISPLAY] [Main ] [minmode] Title Id: gta5
[2023-02-05 18:59:36.252] [DISPLAY] [Main ] [minmode] Location: C:\Program Files (x86)\Steam\steamapps\common\Grand Theft Auto V
[2023-02-05 18:59:36.253] [DISPLAY] [Main ] [launcher] Opening log file.
[2023-02-05 18:59:36.256] [DISPLAY] [Main ] [main] Command line: "C:\Program Files\Rockstar Games\Launcher\Launcher.exe" -skipPatcherCheck -steamAppId=271590 -StraightIntoFreemode @args.txt
[2023-02-05 18:59:36.256] [DISPLAY] [Main ] [main] Build type: FMB
[2023-02-05 18:59:36.256] [DISPLAY] [Main ] [main] Version: 1.0.67.1178
[2023-02-05 18:59:36.256] [DISPLAY] [Main ] [main] Parameters:
[2023-02-05 18:59:36.256] [DISPLAY] [Main ] [main]     C:\Program Files\Rockstar Games\Launcher\Launcher.exe
[2023-02-05 18:59:36.256] [DISPLAY] [Main ] [main]     -skipPatcherCheck
[2023-02-05 18:59:36.256] [DISPLAY] [Main ] [main]     -steamAppId=271590
[2023-02-05 18:59:36.256] [DISPLAY] [Main ] [main]     -StraightIntoFreemode
[2023-02-05 18:59:36.256] [DISPLAY] [Main ] [main]     @args.txt
[2023-02-05 18:59:36.284] [DISPLAY] [Main ] [titlemanager] Installed titles:
[2023-02-05 18:59:36.284] [DISPLAY] [Main ] [titlemanager]  Title                             Progress               Version              Location                                                    
[2023-02-05 18:59:36.297] [DISPLAY] [Main ] [svc] Service version: 1.0.67.1178 (1.0.67.1178)
[2023-02-05 18:59:36.396] [DISPLAY] [Main ] [fileutils] Version: 2.1.6.5 | 1.0.67.1178 | FFP
[2023-02-05 18:59:36.418] [DISPLAY] [Workr] [selfupdate] Up-to-date.
[2023-02-05 18:59:36.605] [DISPLAY] [Main ] [systemtray] System tray: enabled
[2023-02-05 18:59:36.851] [DISPLAY] [bgsvc] [svc] Received response from service.
[2023-02-05 18:59:36.868] [DISPLAY] [Workr] [idownloader] Starting download of 'https://gamedownloads-rockstargames-com.akamaized.net/public/launcher_online_config.xml'
[2023-02-05 18:59:37.023] [DISPLAY] [Workr] [idownloader] Completed download of 'https://gamedownloads-rockstargames-com.akamaized.net/public/launcher_online_config.xml' (status: 0/200)
[2023-02-05 18:59:37.023] [DISPLAY] [Workr] [titlemanager] Downloading title list...
[2023-02-05 18:59:37.023] [DISPLAY] [Workr] [titlemanager] Skipping title metadata download as it is available and less old (0 minutes) than the refresh delay (60 minutes).
[2023-02-05 18:59:37.023] [DISPLAY] [Workr] [titlemanager] Downloading default title list (SCS)...
[2023-02-05 18:59:37.023] [DISPLAY] [Workr] [idownloader] Starting download of 'https://rgl-prod.ros.rockstargames.com/launcher/11/LauncherServices/App.asmx/GetDefaultApps?accessToken='
[2023-02-05 18:59:38.044] [DISPLAY] [Workr] [idownloader] Completed download of 'https://rgl-prod.ros.rockstargames.com/launcher/11/LauncherServices/App.asmx/GetDefaultApps?accessToken=' (status: 0/200)
[2023-02-05 18:59:38.045] [DISPLAY] [Workr] [titlemanager] Title list updated.
[2023-02-05 18:59:38.045] [DISPLAY] [Workr] [launcher] Checking for self-update...
[2023-02-05 18:59:38.049] [DISPLAY] [Workr] [statuschecker] Title Rockstar Games Launcher: No update
[2023-02-05 18:59:38.052] [DISPLAY] [Workr] [launcher] No self-update, continuing.
[2023-02-05 18:59:38.052] [DISPLAY] [Workr] [launcher] Checking for prerequisite updates...
[2023-02-05 18:59:38.055] [DISPLAY] [Workr] [preqmanager] The Social Club version available matches that currently installed (both: 2.1.6.5)
[2023-02-05 18:59:38.055] [DISPLAY] [Workr] [titleupdater] No prerequisites to install.
[2023-02-05 18:59:39.583] [DISPLAY] [Main ] [launcher] Social Club UI has started.
[2023-02-05 18:59:39.584] [DISPLAY] [Main ] [external] Notifying Social Club UI about external launch...
[2023-02-05 18:59:39.584] [DISPLAY] [Admin] [external] Setting up Steam title...
[2023-02-05 18:59:39.585] [DISPLAY] [Admin] [titlemanager] Skipping title metadata download as it is available and less old (0 minutes) than the refresh delay (60 minutes).
[2023-02-05 18:59:39.585] [DISPLAY] [Admin] [external] Ready to attempt a launch.
[2023-02-05 18:59:43.515] [DISPLAY] [Main ] [launcher] Presence Event - Signed In
[2023-02-05 18:59:43.515] [DISPLAY] [Main ] [launcher] User 'Noel_2307' is now signed in
[2023-02-05 18:59:43.619] [DISPLAY] [Main ] [launcher] Presence Event :: Went Online
[2023-02-05 18:59:43.619] [DISPLAY] [Main ] [external] Preparing to update/launch...
[2023-02-05 18:59:43.619] [DISPLAY] [Main ] [launcher] Time to start up: 7453 ms
[2023-02-05 18:59:43.622] [DISPLAY] [Main ] [ui_mainwindow] Using DPI 96,96
[2023-02-05 18:59:43.622] [DISPLAY] [Main ] [ui_mainwindow] Using UI Scale: 1.00
[2023-02-05 18:59:43.623] [DISPLAY] [Main ] [ui_mainwindow] Using saved geometry: 40,64 (1280 x 600)
[2023-02-05 18:59:43.623] [DISPLAY] [Admin] [titlemanager] Downloading title list...
[2023-02-05 18:59:43.623] [DISPLAY] [Admin] [titlemanager] Skipping title metadata download as it is available and less old (0 minutes) than the refresh delay (60 minutes).
[2023-02-05 18:59:43.623] [DISPLAY] [Admin] [titlemanager] Downloading title list (SCS)...
[2023-02-05 18:59:43.669] [DISPLAY] [Main ] [systemtray] System tray: enabled
[2023-02-05 18:59:43.685] [DISPLAY] [Main ] [scuicallbacks] Enabling Downloading
[2023-02-05 18:59:43.786] [DISPLAY] [Main ] [launcher] Friend Event - Friends are Available
[2023-02-05 18:59:44.144] [DISPLAY] [Main ] [scuicallbacks] Setting updated
[2023-02-05 18:59:44.144] [DISPLAY] [Main ] [scuicallbacks] Launch requested
[2023-02-05 18:59:44.144] [DISPLAY] [Main ] [scuicallbacks] Launch requested by user: gta5, 
[2023-02-05 18:59:44.144] [DISPLAY] [Main ] [external] Attempting external title launch...
[2023-02-05 18:59:44.811] [DISPLAY] [Admin] [titlemanager] Title list updated.
[2023-02-05 18:59:44.812] [DISPLAY] [Admin] [external] Ready to attempt a launch.
[2023-02-05 18:59:44.812] [DISPLAY] [Admin] [external] Attempting Steam launch. User is 'CAT4TAL'
[2023-02-05 18:59:47.513] [DISPLAY] [14952] [gamelaunch] RGL is up to date (current: 1.0.67.1178, minimum: 1.0.33.319)
[2023-02-05 18:59:47.515] [DISPLAY] [14952] [gamelaunch] Grand Theft Auto V is up to date (current: 1.0.2824.0, minimum: 1.0.2060.0)
[2023-02-05 18:59:49.768] [DISPLAY] [Main ] [cloudsaveop] Cloud Save sync requested for title 'gta5'
[2023-02-05 18:59:49.785] [DISPLAY] [Main ] [cloudsaveop] Starting cloud save enabled check for title 'gta5'
[2023-02-05 18:59:49.785] [DISPLAY] [Main ] [cloudsaveop] Received cloud saves enabled state for title 'gta5' = enabled
[2023-02-05 18:59:49.785] [DISPLAY] [Main ] [cloudsaveop] Identifying potential cloud save conflicts for title 'gta5'
[2023-02-05 18:59:50.855] [DISPLAY] [Main ] [cloudsaveop] Received modification list of cloud save files for title 'gta5'
[2023-02-05 18:59:50.855] [DISPLAY] [Main ] [cloudsaveop] Retrieving conflict metadata for title 'gta5'
[2023-02-05 18:59:50.872] [DISPLAY] [Main ] [cloudsaveop] Downloaded conflict metadata for title 'gta5'
[2023-02-05 18:59:50.872] [DISPLAY] [Main ] [cloudsaveop] Posting updated files for title 'gta5'
[2023-02-05 18:59:50.890] [DISPLAY] [Main ] [cloudsaveop] File uploading completed for title 'gta5'
[2023-02-05 18:59:50.890] [DISPLAY] [Main ] [cloudsaveop] Getting update files for title 'gta5'
[2023-02-05 18:59:50.907] [DISPLAY] [Main ] [cloudsaveop] File downloading completed for title 'gta5'
[2023-02-05 18:59:50.907] [DISPLAY] [Main ] [cloudsaveop] Deleting updated files for title 'gta5'
[2023-02-05 18:59:50.924] [DISPLAY] [Main ] [cloudsaveop] Files deletion completed for title 'gta5'
[2023-02-05 18:59:50.924] [DISPLAY] [Main ] [cloudsaveop] Swapping updated files in place for title 'gta5'
[2023-02-05 18:59:50.941] [DISPLAY] [Main ] [cloudsaveop] Finished syncing cloud saves for title 'gta5'
[2023-02-05 18:59:51.010] [DISPLAY] [net1 ] [audio] Valid Audio Device: true
[2023-02-05 18:59:52.324] [DISPLAY] [14952] [gamelaunch] Launching game...
[2023-02-05 18:59:52.324] [DISPLAY] [14952] [gamelaunch]  Path: C:\Program Files (x86)\Steam\steamapps\common\Grand Theft Auto V\GTA5.exe
[2023-02-05 18:59:52.324] [DISPLAY] [14952] [gamelaunch]  Command Line: "C:\Program Files (x86)\Steam\steamapps\common\Grand Theft Auto V\GTA5.exe" -skipPatcherCheck -StraightIntoFreemode @args.txt @commandline.txt -enableCrashpad -useSteam -steamAppId=271590 -scCommerceProvider=4
[2023-02-05 18:59:52.324] [DISPLAY] [14952] [gamelaunch]  Working Directory: C:\Program Files (x86)\Steam\steamapps\common\Grand Theft Auto V
[2023-02-05 19:59:37.066] [DISPLAY] [Admin] [idownloader] Starting download of 'https://gamedownloads-rockstargames-com.akamaized.net/public/launcher_online_config.xml'
[2023-02-05 19:59:37.563] [DISPLAY] [Admin] [idownloader] Completed download of 'https://gamedownloads-rockstargames-com.akamaized.net/public/launcher_online_config.xml' (status: 0/200)
[2023-02-05 20:59:37.631] [DISPLAY] [Admin] [idownloader] Starting download of 'https://gamedownloads-rockstargames-com.akamaized.net/public/launcher_online_config.xml'
[2023-02-05 20:59:38.124] [DISPLAY] [Admin] [idownloader] Completed download of 'https://gamedownloads-rockstargames-com.akamaized.net/public/launcher_online_config.xml' (status: 0/200)
