[2023-02-05 14:14:03.326] [DISPLAY] [Main ] [sysinfo] OS Version: Major: 10 Minor: 0 Build: 19045 Service Pack: 
[2023-02-05 14:14:03.338] [DISPLAY] [Main ] [sysinfo] DX Version from SystemInfo: 
[2023-02-05 14:14:03.338] [DISPLAY] [Main ] [sysinfo] DX Version from SystemInfo: 
[2023-02-05 14:14:03.339] [DISPLAY] [Main ] [main] Working directory: C:\Program Files\Rockstar Games\Launcher
[2023-02-05 14:14:03.354] [DISPLAY] [Main ] [minmode] Running in Steam mode
[2023-02-05 14:14:03.354] [DISPLAY] [Main ] [minmode] Steam App Id: 271590
[2023-02-05 14:14:03.354] [DISPLAY] [Main ] [minmode] Title Id: gta5
[2023-02-05 14:14:03.354] [DISPLAY] [Main ] [minmode] Location: C:\Program Files (x86)\Steam\steamapps\common\Grand Theft Auto V
[2023-02-05 14:14:03.354] [DISPLAY] [Main ] [launcher] Opening log file.
[2023-02-05 14:14:03.360] [DISPLAY] [Main ] [main] Command line: "C:\Program Files\Rockstar Games\Launcher\Launcher.exe" -skipPatcherCheck -steamAppId=271590 @args.txt
[2023-02-05 14:14:03.360] [DISPLAY] [Main ] [main] Build type: FMB
[2023-02-05 14:14:03.360] [DISPLAY] [Main ] [main] Version: 1.0.67.1178
[2023-02-05 14:14:03.360] [DISPLAY] [Main ] [main] Parameters:
[2023-02-05 14:14:03.360] [DISPLAY] [Main ] [main]     C:\Program Files\Rockstar Games\Launcher\Launcher.exe
[2023-02-05 14:14:03.360] [DISPLAY] [Main ] [main]     -skipPatcherCheck
[2023-02-05 14:14:03.360] [DISPLAY] [Main ] [main]     -steamAppId=271590
[2023-02-05 14:14:03.360] [DISPLAY] [Main ] [main]     @args.txt
[2023-02-05 14:14:03.391] [DISPLAY] [Main ] [titlemanager] Installed titles:
[2023-02-05 14:14:03.391] [DISPLAY] [Main ] [titlemanager]  Title                             Progress               Version              Location                                                    
[2023-02-05 14:14:03.408] [DISPLAY] [Main ] [svc] Service version: 1.0.67.1178 (1.0.67.1178)
[2023-02-05 14:14:03.560] [DISPLAY] [Main ] [fileutils] Version: 2.1.6.5 | 1.0.67.1178 | FFP
[2023-02-05 14:14:03.586] [DISPLAY] [Workr] [selfupdate] Up-to-date.
[2023-02-05 14:14:03.789] [DISPLAY] [Main ] [systemtray] System tray: enabled
[2023-02-05 14:14:04.076] [DISPLAY] [bgsvc] [svc] Received response from service.
[2023-02-05 14:14:04.105] [DISPLAY] [Workr] [idownloader] Starting download of 'https://gamedownloads-rockstargames-com.akamaized.net/public/launcher_online_config.xml'
[2023-02-05 14:14:04.256] [DISPLAY] [Workr] [idownloader] Completed download of 'https://gamedownloads-rockstargames-com.akamaized.net/public/launcher_online_config.xml' (status: 0/200)
[2023-02-05 14:14:04.256] [DISPLAY] [Workr] [titlemanager] Downloading title list...
[2023-02-05 14:14:04.272] [DISPLAY] [Workr] [idownloader] Starting download of 'https://gamedownloads-rockstargames-com.akamaized.net/public/title_metadata.json'
[2023-02-05 14:14:04.364] [DISPLAY] [Workr] [idownloader] Completed download of 'https://gamedownloads-rockstargames-com.akamaized.net/public/title_metadata.json' (status: 0/200)
[2023-02-05 14:14:04.415] [DISPLAY] [Workr] [titlemanager] Downloading default title list (SCS)...
[2023-02-05 14:14:04.415] [DISPLAY] [Workr] [idownloader] Starting download of 'https://rgl-prod.ros.rockstargames.com/launcher/11/LauncherServices/App.asmx/GetDefaultApps?accessToken='
[2023-02-05 14:14:05.394] [DISPLAY] [Workr] [idownloader] Completed download of 'https://rgl-prod.ros.rockstargames.com/launcher/11/LauncherServices/App.asmx/GetDefaultApps?accessToken=' (status: 0/200)
[2023-02-05 14:14:05.394] [DISPLAY] [Workr] [titlemanager] Title list updated.
[2023-02-05 14:14:05.394] [DISPLAY] [Workr] [launcher] Checking for self-update...
[2023-02-05 14:14:05.398] [DISPLAY] [Workr] [statuschecker] Title Rockstar Games Launcher: No update
[2023-02-05 14:14:05.402] [DISPLAY] [Workr] [launcher] No self-update, continuing.
[2023-02-05 14:14:05.402] [DISPLAY] [Workr] [launcher] Checking for prerequisite updates...
[2023-02-05 14:14:05.407] [DISPLAY] [Workr] [preqmanager] The Social Club version available matches that currently installed (both: 2.1.6.5)
[2023-02-05 14:14:05.408] [DISPLAY] [Workr] [titleupdater] No prerequisites to install.
[2023-02-05 14:14:07.418] [DISPLAY] [Main ] [launcher] Social Club UI has started.
[2023-02-05 14:14:07.420] [DISPLAY] [Main ] [external] Notifying Social Club UI about external launch...
[2023-02-05 14:14:07.420] [DISPLAY] [Admin] [external] Setting up Steam title...
[2023-02-05 14:14:07.420] [DISPLAY] [Admin] [titlemanager] Skipping title metadata download as it is available and less old (0 minutes) than the refresh delay (60 minutes).
[2023-02-05 14:14:07.420] [DISPLAY] [Admin] [external] Ready to attempt a launch.
[2023-02-05 14:14:11.292] [DISPLAY] [Main ] [launcher] Presence Event - Signed In
[2023-02-05 14:14:11.292] [DISPLAY] [Main ] [launcher] User 'Noel_2307' is now signed in
[2023-02-05 14:14:11.334] [DISPLAY] [Main ] [launcher] Presence Event :: Went Online
[2023-02-05 14:14:11.334] [DISPLAY] [Main ] [external] Preparing to update/launch...
[2023-02-05 14:14:11.334] [DISPLAY] [Admin] [titlemanager] Downloading title list...
[2023-02-05 14:14:11.334] [DISPLAY] [Admin] [titlemanager] Skipping title metadata download as it is available and less old (0 minutes) than the refresh delay (60 minutes).
[2023-02-05 14:14:11.334] [DISPLAY] [Admin] [titlemanager] Downloading title list (SCS)...
[2023-02-05 14:14:11.334] [DISPLAY] [Main ] [launcher] Time to start up: 8075 ms
[2023-02-05 14:14:11.337] [DISPLAY] [Main ] [ui_mainwindow] Using DPI 96,96
[2023-02-05 14:14:11.337] [DISPLAY] [Main ] [ui_mainwindow] Using UI Scale: 1.00
[2023-02-05 14:14:11.338] [DISPLAY] [Main ] [ui_mainwindow] Using saved geometry: 40,64 (1280 x 600)
[2023-02-05 14:14:11.364] [DISPLAY] [Main ] [systemtray] System tray: enabled
[2023-02-05 14:14:11.380] [DISPLAY] [Main ] [scuicallbacks] Enabling Downloading
[2023-02-05 14:14:11.481] [DISPLAY] [Main ] [launcher] Friend Event - Friends are Available
[2023-02-05 14:14:11.856] [DISPLAY] [Main ] [scuicallbacks] Setting updated
[2023-02-05 14:14:11.856] [DISPLAY] [Main ] [scuicallbacks] Launch requested
[2023-02-05 14:14:11.856] [DISPLAY] [Main ] [scuicallbacks] Launch requested by user: gta5, 
[2023-02-05 14:14:11.856] [DISPLAY] [Main ] [external] Attempting external title launch...
[2023-02-05 14:14:12.526] [DISPLAY] [Admin] [titlemanager] Title list updated.
[2023-02-05 14:14:12.527] [DISPLAY] [Admin] [external] Ready to attempt a launch.
[2023-02-05 14:14:12.527] [DISPLAY] [Admin] [external] Attempting Steam launch. User is 'CAT4TAL'
[2023-02-05 14:14:15.554] [DISPLAY] [13188] [gamelaunch] RGL is up to date (current: 1.0.67.1178, minimum: 1.0.33.319)
[2023-02-05 14:14:15.555] [DISPLAY] [13188] [gamelaunch] Grand Theft Auto V is up to date (current: 1.0.2824.0, minimum: 1.0.2060.0)
[2023-02-05 14:14:17.722] [DISPLAY] [Main ] [cloudsaveop] Cloud Save sync requested for title 'gta5'
[2023-02-05 14:14:17.739] [DISPLAY] [Main ] [cloudsaveop] Starting cloud save enabled check for title 'gta5'
[2023-02-05 14:14:17.740] [DISPLAY] [Main ] [cloudsaveop] Received cloud saves enabled state for title 'gta5' = enabled
[2023-02-05 14:14:17.740] [DISPLAY] [Main ] [cloudsaveop] Identifying potential cloud save conflicts for title 'gta5'
[2023-02-05 14:14:18.793] [DISPLAY] [Main ] [cloudsaveop] Received modification list of cloud save files for title 'gta5'
[2023-02-05 14:14:18.793] [DISPLAY] [Main ] [cloudsaveop] Retrieving conflict metadata for title 'gta5'
[2023-02-05 14:14:18.810] [DISPLAY] [Main ] [cloudsaveop] Downloaded conflict metadata for title 'gta5'
[2023-02-05 14:14:18.810] [DISPLAY] [Main ] [cloudsaveop] Posting updated files for title 'gta5'
[2023-02-05 14:14:18.828] [DISPLAY] [Main ] [cloudsaveop] File uploading completed for title 'gta5'
[2023-02-05 14:14:18.828] [DISPLAY] [Main ] [cloudsaveop] Getting update files for title 'gta5'
[2023-02-05 14:14:18.845] [DISPLAY] [Main ] [cloudsaveop] File downloading completed for title 'gta5'
[2023-02-05 14:14:18.845] [DISPLAY] [Main ] [cloudsaveop] Deleting updated files for title 'gta5'
[2023-02-05 14:14:18.862] [DISPLAY] [Main ] [cloudsaveop] Files deletion completed for title 'gta5'
[2023-02-05 14:14:18.862] [DISPLAY] [Main ] [cloudsaveop] Swapping updated files in place for title 'gta5'
[2023-02-05 14:14:18.879] [DISPLAY] [Main ] [cloudsaveop] Finished syncing cloud saves for title 'gta5'
[2023-02-05 14:14:18.921] [DISPLAY] [net4 ] [audio] Valid Audio Device: true
[2023-02-05 14:14:20.208] [DISPLAY] [13188] [gamelaunch] Launching game...
[2023-02-05 14:14:20.208] [DISPLAY] [13188] [gamelaunch]  Path: C:\Program Files (x86)\Steam\steamapps\common\Grand Theft Auto V\GTA5.exe
[2023-02-05 14:14:20.208] [DISPLAY] [13188] [gamelaunch]  Command Line: "C:\Program Files (x86)\Steam\steamapps\common\Grand Theft Auto V\GTA5.exe" -skipPatcherCheck @args.txt @commandline.txt -enableCrashpad -useSteam -steamAppId=271590 -scCommerceProvider=4
[2023-02-05 14:14:20.208] [DISPLAY] [13188] [gamelaunch]  Working Directory: C:\Program Files (x86)\Steam\steamapps\common\Grand Theft Auto V
[2023-02-05 14:17:30.390] [DISPLAY] [Main ] [sysinfo] DX Version from SystemInfo: 
[2023-02-05 14:17:30.390] [DISPLAY] [Main ] [sysinfo] DX Version from SystemInfo: 
[2023-02-05 14:17:30.394] [DISPLAY] [Main ] [sysinfo] Drive C:\ has 49.41 GB free, 222.99 GB total
[2023-02-05 14:17:30.593] [DISPLAY] [Main ] [sysinfo] OS Version: Major: 10 Minor: 0 Build: 19045 Service Pack: 
[2023-02-05 14:17:30.600] [DISPLAY] [Main ] [sysinfo] DX Version from SystemInfo: 
[2023-02-05 14:17:30.600] [DISPLAY] [Main ] [sysinfo] DX Version from SystemInfo: 
[2023-02-05 14:17:30.601] [DISPLAY] [Main ] [sysinfo] Drive C:\ has 49.41 GB free, 222.99 GB total
[2023-02-05 14:17:30.648] [DISPLAY] [Main ] [sysinfo] OS Version: Major: 10 Minor: 0 Build: 19045 Service Pack: 
[2023-02-05 14:25:17.558] [DISPLAY] [13188] [gamelaunch] Game exited with code 0x0 (0)
[2023-02-05 14:25:17.559] [DISPLAY] [13188] [crashdetection] Game left no exit file.
[2023-02-05 14:25:17.559] [DISPLAY] [13188] [crashdetection] Exit code 0x0 indicates a clean game shutdown
[2023-02-05 14:25:17.590] [DISPLAY] [Main ] [cloudsaveop] Cloud Save sync requested for title 'gta5'
[2023-02-05 14:25:17.607] [DISPLAY] [Main ] [cloudsaveop] Starting cloud save enabled check for title 'gta5'
[2023-02-05 14:25:17.614] [DISPLAY] [Main ] [cloudsaveop] Received cloud saves enabled state for title 'gta5' = enabled
[2023-02-05 14:25:17.614] [DISPLAY] [Main ] [cloudsaveop] Identifying potential cloud save conflicts for title 'gta5'
[2023-02-05 14:25:18.658] [DISPLAY] [Main ] [cloudsaveop] Received modification list of cloud save files for title 'gta5'
[2023-02-05 14:25:18.658] [DISPLAY] [Main ] [cloudsaveop] Retrieving conflict metadata for title 'gta5'
[2023-02-05 14:25:18.675] [DISPLAY] [Main ] [cloudsaveop] Downloaded conflict metadata for title 'gta5'
[2023-02-05 14:25:18.675] [DISPLAY] [Main ] [cloudsaveop] Posting updated files for title 'gta5'
[2023-02-05 14:25:18.692] [DISPLAY] [Main ] [cloudsaveop] File uploading completed for title 'gta5'
[2023-02-05 14:25:18.692] [DISPLAY] [Main ] [cloudsaveop] Getting update files for title 'gta5'
[2023-02-05 14:25:18.709] [DISPLAY] [Main ] [cloudsaveop] File downloading completed for title 'gta5'
[2023-02-05 14:25:18.709] [DISPLAY] [Main ] [cloudsaveop] Deleting updated files for title 'gta5'
[2023-02-05 14:25:18.726] [DISPLAY] [Main ] [cloudsaveop] Files deletion completed for title 'gta5'
[2023-02-05 14:25:18.726] [DISPLAY] [Main ] [cloudsaveop] Swapping updated files in place for title 'gta5'
[2023-02-05 14:25:18.743] [DISPLAY] [Main ] [cloudsaveop] Finished syncing cloud saves for title 'gta5'
[2023-02-05 14:25:19.749] [DISPLAY] [13188] [launcher] Shutdown requested: false, false
[2023-02-05 14:25:19.750] [DISPLAY] [Main ] [launcher] StartShutdown - Now in progress
[2023-02-05 14:25:20.938] [DISPLAY] [Main ] [app] Application quit requested (exit code: 0)
