[2023-02-03 19:57:50.615] [DISPLAY] [Main ] [sysinfo] OS Version: Major: 10 Minor: 0 Build: 19045 Service Pack: 
[2023-02-03 19:57:50.627] [DISPLAY] [Main ] [sysinfo] DX Version from SystemInfo: 
[2023-02-03 19:57:50.627] [DISPLAY] [Main ] [sysinfo] DX Version from SystemInfo: 
[2023-02-03 19:57:50.627] [DISPLAY] [Main ] [main] Working directory: C:\Program Files\Rockstar Games\Launcher
[2023-02-03 19:57:50.646] [DISPLAY] [Main ] [minmode] Running in Steam mode
[2023-02-03 19:57:50.646] [DISPLAY] [Main ] [minmode] Steam App Id: 271590
[2023-02-03 19:57:50.646] [DISPLAY] [Main ] [minmode] Title Id: gta5
[2023-02-03 19:57:50.646] [DISPLAY] [Main ] [minmode] Location: C:\Program Files (x86)\Steam\steamapps\common\Grand Theft Auto V
[2023-02-03 19:57:50.647] [DISPLAY] [Main ] [launcher] Opening log file.
[2023-02-03 19:57:50.650] [DISPLAY] [Main ] [main] Command line: "C:\Program Files\Rockstar Games\Launcher\Launcher.exe" -skipPatcherCheck -steamAppId=271590 -StraightIntoFreemode @args.txt
[2023-02-03 19:57:50.650] [DISPLAY] [Main ] [main] Build type: FMB
[2023-02-03 19:57:50.650] [DISPLAY] [Main ] [main] Version: 1.0.67.1178
[2023-02-03 19:57:50.650] [DISPLAY] [Main ] [main] Parameters:
[2023-02-03 19:57:50.650] [DISPLAY] [Main ] [main]     C:\Program Files\Rockstar Games\Launcher\Launcher.exe
[2023-02-03 19:57:50.650] [DISPLAY] [Main ] [main]     -skipPatcherCheck
[2023-02-03 19:57:50.650] [DISPLAY] [Main ] [main]     -steamAppId=271590
[2023-02-03 19:57:50.650] [DISPLAY] [Main ] [main]     -StraightIntoFreemode
[2023-02-03 19:57:50.650] [DISPLAY] [Main ] [main]     @args.txt
[2023-02-03 19:57:50.679] [DISPLAY] [Main ] [titlemanager] Installed titles:
[2023-02-03 19:57:50.679] [DISPLAY] [Main ] [titlemanager]  Title                             Progress               Version              Location                                                    
[2023-02-03 19:57:50.690] [DISPLAY] [Main ] [svc] Service version: 1.0.67.1178 (1.0.67.1178)
[2023-02-03 19:57:50.814] [DISPLAY] [Main ] [fileutils] Version: 2.1.6.5 | 1.0.67.1178 | FFP
[2023-02-03 19:57:50.835] [DISPLAY] [Workr] [selfupdate] Up-to-date.
[2023-02-03 19:57:51.039] [DISPLAY] [Main ] [systemtray] System tray: enabled
[2023-02-03 19:57:51.230] [DISPLAY] [bgsvc] [svc] Received response from service.
[2023-02-03 19:57:51.263] [DISPLAY] [Workr] [idownloader] Starting download of 'https://gamedownloads-rockstargames-com.akamaized.net/public/launcher_online_config.xml'
[2023-02-03 19:57:51.445] [DISPLAY] [Workr] [idownloader] Completed download of 'https://gamedownloads-rockstargames-com.akamaized.net/public/launcher_online_config.xml' (status: 0/200)
[2023-02-03 19:57:51.445] [DISPLAY] [Workr] [titlemanager] Downloading title list...
[2023-02-03 19:57:51.445] [DISPLAY] [Workr] [titlemanager] Skipping title metadata download as it is available and less old (1 minutes) than the refresh delay (60 minutes).
[2023-02-03 19:57:51.445] [DISPLAY] [Workr] [titlemanager] Downloading default title list (SCS)...
[2023-02-03 19:57:51.445] [DISPLAY] [Workr] [idownloader] Starting download of 'https://rgl-prod.ros.rockstargames.com/launcher/11/LauncherServices/App.asmx/GetDefaultApps?accessToken='
[2023-02-03 19:57:52.449] [DISPLAY] [Workr] [idownloader] Completed download of 'https://rgl-prod.ros.rockstargames.com/launcher/11/LauncherServices/App.asmx/GetDefaultApps?accessToken=' (status: 0/200)
[2023-02-03 19:57:52.449] [DISPLAY] [Workr] [titlemanager] Title list updated.
[2023-02-03 19:57:52.449] [DISPLAY] [Workr] [launcher] Checking for self-update...
[2023-02-03 19:57:52.454] [DISPLAY] [Workr] [statuschecker] Title Rockstar Games Launcher: No update
[2023-02-03 19:57:52.457] [DISPLAY] [Workr] [launcher] No self-update, continuing.
[2023-02-03 19:57:52.457] [DISPLAY] [Workr] [launcher] Checking for prerequisite updates...
[2023-02-03 19:57:52.459] [DISPLAY] [Workr] [preqmanager] The Social Club version available matches that currently installed (both: 2.1.6.5)
[2023-02-03 19:57:52.459] [DISPLAY] [Workr] [titleupdater] No prerequisites to install.
[2023-02-03 19:57:53.832] [DISPLAY] [Main ] [launcher] Social Club UI has started.
[2023-02-03 19:57:53.834] [DISPLAY] [Main ] [external] Notifying Social Club UI about external launch...
[2023-02-03 19:57:53.834] [DISPLAY] [Admin] [external] Setting up Steam title...
[2023-02-03 19:57:53.834] [DISPLAY] [Admin] [titlemanager] Skipping title metadata download as it is available and less old (1 minutes) than the refresh delay (60 minutes).
[2023-02-03 19:57:53.834] [DISPLAY] [Admin] [external] Ready to attempt a launch.
[2023-02-03 19:57:57.308] [DISPLAY] [Main ] [launcher] Presence Event - Signed In
[2023-02-03 19:57:57.308] [DISPLAY] [Main ] [launcher] User 'Noel_2307' is now signed in
[2023-02-03 19:57:57.350] [DISPLAY] [Main ] [launcher] Presence Event :: Went Online
[2023-02-03 19:57:57.350] [DISPLAY] [Main ] [external] Preparing to update/launch...
[2023-02-03 19:57:57.350] [DISPLAY] [Admin] [titlemanager] Downloading title list...
[2023-02-03 19:57:57.351] [DISPLAY] [Admin] [titlemanager] Skipping title metadata download as it is available and less old (1 minutes) than the refresh delay (60 minutes).
[2023-02-03 19:57:57.351] [DISPLAY] [Admin] [titlemanager] Downloading title list (SCS)...
[2023-02-03 19:57:57.351] [DISPLAY] [Main ] [launcher] Time to start up: 6800 ms
[2023-02-03 19:57:57.356] [DISPLAY] [Main ] [ui_mainwindow] Using DPI 96,96
[2023-02-03 19:57:57.356] [DISPLAY] [Main ] [ui_mainwindow] Using UI Scale: 1.00
[2023-02-03 19:57:57.357] [DISPLAY] [Main ] [ui_mainwindow] Using saved geometry: 40,64 (1280 x 600)
[2023-02-03 19:57:57.397] [DISPLAY] [Main ] [systemtray] System tray: enabled
[2023-02-03 19:57:57.415] [DISPLAY] [Main ] [scuicallbacks] Enabling Downloading
[2023-02-03 19:57:57.517] [DISPLAY] [Main ] [launcher] Friend Event - Friends are Available
[2023-02-03 19:57:57.876] [DISPLAY] [Main ] [scuicallbacks] Setting updated
[2023-02-03 19:57:57.876] [DISPLAY] [Main ] [scuicallbacks] Launch requested
[2023-02-03 19:57:57.876] [DISPLAY] [Main ] [scuicallbacks] Launch requested by user: gta5, 
[2023-02-03 19:57:57.876] [DISPLAY] [Main ] [external] Attempting external title launch...
[2023-02-03 19:57:58.511] [DISPLAY] [Admin] [titlemanager] Title list updated.
[2023-02-03 19:57:58.512] [DISPLAY] [Admin] [external] Ready to attempt a launch.
[2023-02-03 19:57:58.512] [DISPLAY] [Admin] [external] Attempting Steam launch. User is 'CAT4TAL'
[2023-02-03 19:58:01.280] [DISPLAY] [ 6484] [gamelaunch] RGL is up to date (current: 1.0.67.1178, minimum: 1.0.33.319)
[2023-02-03 19:58:01.281] [DISPLAY] [ 6484] [gamelaunch] Grand Theft Auto V is up to date (current: 1.0.2824.0, minimum: 1.0.2060.0)
[2023-02-03 19:58:03.550] [DISPLAY] [Main ] [cloudsaveop] Cloud Save sync requested for title 'gta5'
[2023-02-03 19:58:03.567] [DISPLAY] [Main ] [cloudsaveop] Starting cloud save enabled check for title 'gta5'
[2023-02-03 19:58:03.568] [DISPLAY] [Main ] [cloudsaveop] Received cloud saves enabled state for title 'gta5' = enabled
[2023-02-03 19:58:03.568] [DISPLAY] [Main ] [cloudsaveop] Identifying potential cloud save conflicts for title 'gta5'
[2023-02-03 19:58:04.637] [DISPLAY] [Main ] [cloudsaveop] Received modification list of cloud save files for title 'gta5'
[2023-02-03 19:58:04.637] [DISPLAY] [Main ] [cloudsaveop] Retrieving conflict metadata for title 'gta5'
[2023-02-03 19:58:04.655] [DISPLAY] [Main ] [cloudsaveop] Downloaded conflict metadata for title 'gta5'
[2023-02-03 19:58:04.655] [DISPLAY] [Main ] [cloudsaveop] Posting updated files for title 'gta5'
[2023-02-03 19:58:04.672] [DISPLAY] [Main ] [cloudsaveop] File uploading completed for title 'gta5'
[2023-02-03 19:58:04.672] [DISPLAY] [Main ] [cloudsaveop] Getting update files for title 'gta5'
[2023-02-03 19:58:04.689] [DISPLAY] [Main ] [cloudsaveop] File downloading completed for title 'gta5'
[2023-02-03 19:58:04.689] [DISPLAY] [Main ] [cloudsaveop] Deleting updated files for title 'gta5'
[2023-02-03 19:58:04.706] [DISPLAY] [Main ] [cloudsaveop] Files deletion completed for title 'gta5'
[2023-02-03 19:58:04.706] [DISPLAY] [Main ] [cloudsaveop] Swapping updated files in place for title 'gta5'
[2023-02-03 19:58:04.723] [DISPLAY] [Main ] [cloudsaveop] Finished syncing cloud saves for title 'gta5'
[2023-02-03 19:58:04.769] [DISPLAY] [net2 ] [audio] Valid Audio Device: true
[2023-02-03 19:58:06.002] [DISPLAY] [ 6484] [gamelaunch] Launching game...
[2023-02-03 19:58:06.002] [DISPLAY] [ 6484] [gamelaunch]  Path: C:\Program Files (x86)\Steam\steamapps\common\Grand Theft Auto V\GTA5.exe
[2023-02-03 19:58:06.002] [DISPLAY] [ 6484] [gamelaunch]  Command Line: "C:\Program Files (x86)\Steam\steamapps\common\Grand Theft Auto V\GTA5.exe" -skipPatcherCheck -StraightIntoFreemode @args.txt @commandline.txt -enableCrashpad -useSteam -steamAppId=271590 -scCommerceProvider=4
[2023-02-03 19:58:06.002] [DISPLAY] [ 6484] [gamelaunch]  Working Directory: C:\Program Files (x86)\Steam\steamapps\common\Grand Theft Auto V
[2023-02-03 20:14:17.462] [DISPLAY] [ 6484] [gamelaunch] Game exited with code 0x0 (0)
[2023-02-03 20:14:17.462] [DISPLAY] [ 6484] [crashdetection] Game left no exit file.
[2023-02-03 20:14:17.462] [DISPLAY] [ 6484] [crashdetection] Exit code 0x0 indicates a clean game shutdown
[2023-02-03 20:14:17.510] [DISPLAY] [Main ] [cloudsaveop] Cloud Save sync requested for title 'gta5'
[2023-02-03 20:14:17.527] [DISPLAY] [Main ] [cloudsaveop] Starting cloud save enabled check for title 'gta5'
[2023-02-03 20:14:17.529] [DISPLAY] [Main ] [cloudsaveop] Received cloud saves enabled state for title 'gta5' = enabled
[2023-02-03 20:14:17.529] [DISPLAY] [Main ] [cloudsaveop] Identifying potential cloud save conflicts for title 'gta5'
[2023-02-03 20:14:18.689] [DISPLAY] [Main ] [cloudsaveop] Received modification list of cloud save files for title 'gta5'
[2023-02-03 20:14:18.689] [DISPLAY] [Main ] [cloudsaveop] Retrieving conflict metadata for title 'gta5'
[2023-02-03 20:14:18.706] [DISPLAY] [Main ] [cloudsaveop] Downloaded conflict metadata for title 'gta5'
[2023-02-03 20:14:18.706] [DISPLAY] [Main ] [cloudsaveop] Posting updated files for title 'gta5'
[2023-02-03 20:14:18.723] [DISPLAY] [Main ] [cloudsaveop] File uploading completed for title 'gta5'
[2023-02-03 20:14:18.723] [DISPLAY] [Main ] [cloudsaveop] Getting update files for title 'gta5'
[2023-02-03 20:14:18.744] [DISPLAY] [Main ] [cloudsaveop] File downloading completed for title 'gta5'
[2023-02-03 20:14:18.744] [DISPLAY] [Main ] [cloudsaveop] Deleting updated files for title 'gta5'
[2023-02-03 20:14:18.761] [DISPLAY] [Main ] [cloudsaveop] Files deletion completed for title 'gta5'
[2023-02-03 20:14:18.761] [DISPLAY] [Main ] [cloudsaveop] Swapping updated files in place for title 'gta5'
[2023-02-03 20:14:18.779] [DISPLAY] [Main ] [cloudsaveop] Finished syncing cloud saves for title 'gta5'
[2023-02-03 20:14:19.782] [DISPLAY] [ 6484] [launcher] Shutdown requested: false, false
[2023-02-03 20:14:19.800] [DISPLAY] [Main ] [launcher] StartShutdown - Now in progress
[2023-02-03 20:14:21.007] [DISPLAY] [Main ] [app] Application quit requested (exit code: 0)
